\BOOKMARK [1][-]{section.1}{Overview}{}% 1
\BOOKMARK [1][-]{section.2}{Code Synopsis}{}% 2
\BOOKMARK [2][-]{subsection.2.1}{Bash Scripts}{section.2}% 3
\BOOKMARK [2][-]{subsection.2.2}{Serial Code}{section.2}% 4
\BOOKMARK [3][-]{subsubsection.2.2.1}{Original Serial Code}{subsection.2.2}% 5
\BOOKMARK [3][-]{subsubsection.2.2.2}{Improved Serial Code}{subsection.2.2}% 6
\BOOKMARK [3][-]{subsubsection.2.2.3}{Profiling Comparison}{subsection.2.2}% 7
\BOOKMARK [2][-]{subsection.2.3}{Parallel Loop Code}{section.2}% 8
\BOOKMARK [1][-]{section.3}{Results}{}% 9
\BOOKMARK [2][-]{subsection.3.1}{Uniform Behaviour Verification}{section.3}% 10
\BOOKMARK [2][-]{subsection.3.2}{Scaling Behaviour}{section.3}% 11
\BOOKMARK [2][-]{subsection.3.3}{Thread Independence Verification}{section.3}% 12
\BOOKMARK [2][-]{subsection.3.4}{Thread Scaling Behaviour}{section.3}% 13
\BOOKMARK [1][-]{appendix.A}{Appendix}{}% 14
\BOOKMARK [2][-]{subsection.A.1}{src/common\137fort.f90}{appendix.A}% 15
\BOOKMARK [2][-]{subsection.A.2}{src/01\137gol\137cpu\137serial\137fort.f90}{appendix.A}% 16
\BOOKMARK [2][-]{subsection.A.3}{src/02\137gol\137cpu\137serial\137fort.f90}{appendix.A}% 17
\BOOKMARK [2][-]{subsection.A.4}{src/02\137gol\137cpu\137openmp\137loop\137fort.f90}{appendix.A}% 18
\BOOKMARK [2][-]{subsection.A.5}{gol-job-submission.slurm}{appendix.A}% 19
\BOOKMARK [2][-]{subsection.A.6}{gol-job-set-submission.sh}{appendix.A}% 20
